<?xml version="1.0" encoding="UTF-8"?>
<!-- Generated by org.testng.reporters.JUnitReportReporter -->
<testsuite hostname="LAPTOP-DGUP2R51" failures="0" tests="1" name="soapuitest.Testrunner" time="0.669" errors="0" timestamp="20 Sep 2021 15:07:04 GMT">
  <testcase classname="soapuitest.Testrunner" name="soaptest" time="0.669"/>
</testsuite> <!-- soapuitest.Testrunner -->
